/usr/sbin/mysqld, Version: 8.0.18 (MySQL Community Server - GPL). started with:
Tcp port: 3306  Unix socket: /var/run/mysqld/mysqld.sock
Time                 Id Command    Argument
2019-11-25T21:51:07.927010+09:00	    7 Connect	
2019-11-25T21:51:07.927833+09:00	    7 Query	SELECT @@skip_networking, @@skip_name_resolve, @@have_ssl='YES', @@ssl_key, @@ssl_ca, @@ssl_capath, @@ssl_cert, @@ssl_cipher, @@ssl_crl, @@ssl_crlpath, @@tls_version
2019-11-25T21:51:07.933291+09:00	    7 Quit	
/usr/sbin/mysqld, Version: 8.0.18 (MySQL Community Server - GPL). started with:
Tcp port: 3306  Unix socket: /var/run/mysqld/mysqld.sock
Time                 Id Command    Argument
2019-11-25T21:59:59.922131+09:00	    7 Connect	
2019-11-25T21:59:59.922697+09:00	    7 Query	SELECT @@skip_networking, @@skip_name_resolve, @@have_ssl='YES', @@ssl_key, @@ssl_ca, @@ssl_capath, @@ssl_cert, @@ssl_cipher, @@ssl_crl, @@ssl_crlpath, @@tls_version
2019-11-25T21:59:59.942269+09:00	    7 Quit	
2019-11-25T22:04:48.119175+09:00	    8 Connect	homestead@172.26.0.3 on homestead using TCP/IP
2019-11-25T22:04:48.120076+09:00	    8 Query	use `homestead`
2019-11-25T22:04:48.121256+09:00	    8 Prepare	set names 'utf8mb4' collate 'utf8mb4_unicode_ci'
2019-11-25T22:04:48.121574+09:00	    8 Execute	set names 'utf8mb4' collate 'utf8mb4_unicode_ci'
2019-11-25T22:04:48.122019+09:00	    8 Close stmt	
2019-11-25T22:04:48.122353+09:00	    8 Prepare	set session sql_mode='ONLY_FULL_GROUP_BY,STRICT_TRANS_TABLES,NO_ZERO_IN_DATE,NO_ZERO_DATE,ERROR_FOR_DIVISION_BY_ZERO,NO_ENGINE_SUBSTITUTION'
2019-11-25T22:04:48.122627+09:00	    8 Execute	set session sql_mode='ONLY_FULL_GROUP_BY,STRICT_TRANS_TABLES,NO_ZERO_IN_DATE,NO_ZERO_DATE,ERROR_FOR_DIVISION_BY_ZERO,NO_ENGINE_SUBSTITUTION'
2019-11-25T22:04:48.123108+09:00	    8 Close stmt	
2019-11-25T22:04:49.323625+09:00	    8 Quit	
/usr/sbin/mysqld, Version: 8.0.18 (MySQL Community Server - GPL). started with:
Tcp port: 3306  Unix socket: /var/run/mysqld/mysqld.sock
Time                 Id Command    Argument
2019-11-25T22:06:39.537849+09:00	    7 Connect	
2019-11-25T22:06:39.538448+09:00	    7 Query	SELECT @@skip_networking, @@skip_name_resolve, @@have_ssl='YES', @@ssl_key, @@ssl_ca, @@ssl_capath, @@ssl_cert, @@ssl_cipher, @@ssl_crl, @@ssl_crlpath, @@tls_version
2019-11-25T22:06:39.541564+09:00	    7 Quit	
