[25-Nov-2019 21:53:02 Asia/Tokyo] Xdebug could not open the remote debug file '/tmp/xdebug.log'.
[25-Nov-2019 21:53:02 Asia/Tokyo] PHP Warning:  require(/work/public/../vendor/autoload.php): failed to open stream: No such file or directory in /work/public/index.php on line 24
[25-Nov-2019 21:53:02 Asia/Tokyo] PHP Stack trace:
[25-Nov-2019 21:53:02 Asia/Tokyo] PHP   1. {main}() /work/public/index.php:0
[25-Nov-2019 21:53:02 Asia/Tokyo] Xdebug could not open the remote debug file '/tmp/xdebug.log'.
[25-Nov-2019 21:53:02 Asia/Tokyo] PHP Warning:  require(/work/public/../vendor/autoload.php): failed to open stream: No such file or directory in /work/public/index.php on line 24
[25-Nov-2019 21:53:02 Asia/Tokyo] PHP Stack trace:
[25-Nov-2019 21:53:02 Asia/Tokyo] PHP   1. {main}() /work/public/index.php:0
[25-Nov-2019 21:53:17 Asia/Tokyo] Xdebug could not open the remote debug file '/tmp/xdebug.log'.
[25-Nov-2019 21:53:17 Asia/Tokyo] PHP Warning:  require(/work/public/../vendor/autoload.php): failed to open stream: No such file or directory in /work/public/index.php on line 24
[25-Nov-2019 21:53:17 Asia/Tokyo] PHP Stack trace:
[25-Nov-2019 21:53:17 Asia/Tokyo] PHP   1. {main}() /work/public/index.php:0
[25-Nov-2019 21:54:04 Asia/Tokyo] Xdebug could not open the remote debug file '/tmp/xdebug.log'.
[25-Nov-2019 12:54:07 UTC] Xdebug could not open the remote debug file '/tmp/xdebug.log'.
[25-Nov-2019 12:54:07 UTC] Xdebug could not open the remote debug file '/tmp/xdebug.log'.
[25-Nov-2019 21:54:21 Asia/Tokyo] Xdebug could not open the remote debug file '/tmp/xdebug.log'.
[25-Nov-2019 12:54:22 UTC] Xdebug could not open the remote debug file '/tmp/xdebug.log'.
[25-Nov-2019 12:54:22 UTC] Xdebug could not open the remote debug file '/tmp/xdebug.log'.
[25-Nov-2019 21:55:45 Asia/Tokyo] Xdebug could not open the remote debug file '/tmp/xdebug.log'.
[25-Nov-2019 12:55:46 UTC] Xdebug could not open the remote debug file '/tmp/xdebug.log'.
[25-Nov-2019 12:55:46 UTC] Xdebug could not open the remote debug file '/tmp/xdebug.log'.
[25-Nov-2019 21:56:40 Asia/Tokyo] Xdebug could not open the remote debug file '/tmp/xdebug.log'.
[25-Nov-2019 12:56:41 UTC] Xdebug could not open the remote debug file '/tmp/xdebug.log'.
[25-Nov-2019 12:56:41 UTC] Xdebug could not open the remote debug file '/tmp/xdebug.log'.
[25-Nov-2019 21:59:03 Asia/Tokyo] Xdebug could not open the remote debug file '/tmp/xdebug.log'.
[25-Nov-2019 12:59:04 UTC] Xdebug could not open the remote debug file '/tmp/xdebug.log'.
[25-Nov-2019 12:59:04 UTC] Xdebug could not open the remote debug file '/tmp/xdebug.log'.
